<?xml version="1.0" encoding="UTF-8" ?>
<testsuite errors="0" failures="0" hostname="bluemixworkshop" name="com.ibm.devworks.examples.java.lll.TestWebsiteTitle" skipped="0" tests="2" time="0.051" timestamp="2017-01-26T09:55:23">
  <properties>
[...]
</properties>
  <testcase classname="com.ibm.devworks.examples.java.lll.TestWebsiteTitle" name="testGetTitle" time="0.002" />
  <testcase classname="com.ibm.devworks.examples.java.lll.TestWebsiteTitle" name="testSetTitle" time="0.0" />
  <system-out><![CDATA[]]></system-out>
  <system-err><![CDATA[]]></system-err>
</testsuite>
